app/build/outputs/logs/manifest-merger-debug-report.txt
-- Merging decision tree log ---
manifest
ADDED from src\main\AndroidManifest.xml:2:1-184:12
INJECTED from src\main\AndroidManifest.xml:2:1-184:12
INJECTED from src\main\AndroidManifest.xml:2:1-184:12
INJECTED from src\main\AndroidManifest.xml:2:1-184:12
MERGED from [com.facebook.stetho:stetho:1.4.2] AndroidManifest.xml:2:1-13:12
MERGED from [com.karumi:dexter:4.2.0] AndroidManifest.xml:17:1-32:12
MERGED from [com.android.support:design:25.3.0] AndroidManifest.xml:17:1-31:12
MERGED from [:imageslider] AndroidManifest.xml:2:1-17:12
MERGED from [com.android.support:appcompat-v7:25.3.0] AndroidManifest.xml:17:1-31:12
MERGED from [com.android.support.constraint:constraint-layout:1.1.0] AndroidManifest.xml:2:1-11:12
MERGED from [com.android.support:transition:25.3.0] AndroidManifest.xml:17:1-28:12
MERGED from [com.google.android.gms:play-services-location:15.0.1] AndroidManifest.xml:2:1-9:12
MERGED from [com.google.android.gms:play-services-base:15.0.1] AndroidManifest.xml:17:1-29:12
MERGED from [com.google.android.gms:play-services-places-placereport:15.0.1] AndroidManifest.xml:17:1-24:12
MERGED from [com.google.android.gms:play-services-tasks:15.0.1] AndroidManifest.xml:2:1-9:12
MERGED from [com.google.android.gms:play-services-basement:15.0.1] AndroidManifest.xml:17:1-28:12
MERGED from [com.android.support:support-v4:25.3.0] AndroidManifest.xml:17:1-31:12
MERGED from [com.jakewharton:butterknife:8.8.1] AndroidManifest.xml:2:1-7:12
MERGED from [com.android.support:recyclerview-v7:25.3.0] AndroidManifest.xml:17:1-26:12
MERGED from [com.android.support:animated-vector-drawable:25.3.0] AndroidManifest.xml:17:1-28:12
MERGED from [com.android.support:support-vector-drawable:25.3.0] AndroidManifest.xml:17:1-28:12
MERGED from [com.android.support:support-fragment:25.3.0] AndroidManifest.xml:17:1-31:12
MERGED from [com.android.support:support-media-compat:25.3.0] AndroidManifest.xml:17:1-31:12
MERGED from [com.android.support:support-core-utils:25.3.0] AndroidManifest.xml:17:1-31:12
MERGED from [com.android.support:support-core-ui:25.3.0] AndroidManifest.xml:17:1-31:12
MERGED from [com.android.support:support-compat:25.3.0] AndroidManifest.xml:17:1-31:12
MERGED from [com.squareup.picasso:picasso:2.71828] AndroidManifest.xml:2:1-14:12
MERGED from [com.android.support:exifinterface:25.3.0] AndroidManifest.xml:17:1-28:12
MERGED from [me.relex:circleindicator:1.2.2] AndroidManifest.xml:2:1-12:12
INJECTED from src\main\AndroidManifest.xml:2:1-184:12
INJECTED from src\main\AndroidManifest.xml:2:1-184:12
INJECTED from src\main\AndroidManifest.xml:2:1-184:12
	package
		ADDED from src\main\AndroidManifest.xml:4:5-42
		INJECTED from src\main\AndroidManifest.xml
		INJECTED from src\main\AndroidManifest.xml
	android:versionName
		INJECTED from src\main\AndroidManifest.xml
		ADDED from src\main\AndroidManifest.xml:2:1-184:12
		INJECTED from src\main\AndroidManifest.xml
	xmlns:tools
		ADDED from src\main\AndroidManifest.xml:3:5-51
	android:versionCode
		INJECTED from src\main\AndroidManifest.xml
		ADDED from src\main\AndroidManifest.xml:2:1-184:12
		INJECTED from src\main\AndroidManifest.xml
	xmlns:android
		ADDED from src\main\AndroidManifest.xml:2:11-69
uses-permission#android.permission.ACCESS_NETWORK_STATE
ADDED from src\main\AndroidManifest.xml:6:5-79
	android:name
		ADDED from src\main\AndroidManifest.xml:6:22-76
uses-permission#android.permission.ACCESS_COARSE_LOCATION
ADDED from src\main\AndroidManifest.xml:7:5-81
	android:name
		ADDED from src\main\AndroidManifest.xml:7:22-78
uses-permission#android.permission.ACCESS_FINE_LOCATION
ADDED from src\main\AndroidManifest.xml:8:5-79
	android:name
		ADDED from src\main\AndroidManifest.xml:8:22-76
uses-permission#android.permission.CALL_PHONE
ADDED from src\main\AndroidManifest.xml:10:5-69
	android:name
		ADDED from src\main\AndroidManifest.xml:10:22-66
uses-permission#android.permission.SEND_SMS
ADDED from src\main\AndroidManifest.xml:11:5-67
	android:name
		ADDED from src\main\AndroidManifest.xml:11:22-64
uses-permission#android.permission.CAMERA
ADDED from src\main\AndroidManifest.xml:12:5-65
	android:name
		ADDED from src\main\AndroidManifest.xml:12:22-62
uses-permission#android.permission.INTERNET
ADDED from src\main\AndroidManifest.xml:13:5-67
	android:name
		ADDED from src\main\AndroidManifest.xml:13:22-64
uses-permission#android.permission.WRITE_EXTERNAL_STORAGE
ADDED from src\main\AndroidManifest.xml:14:5-81
	android:name
		ADDED from src\main\AndroidManifest.xml:14:22-78
uses-permission#android.permission.READ_EXTERNAL_STORAGE
ADDED from src\main\AndroidManifest.xml:15:5-80
	android:name
		ADDED from src\main\AndroidManifest.xml:15:22-77
uses-permission#android.permission.ACCESS_LOCATION
ADDED from src\main\AndroidManifest.xml:16:5-74
	android:name
		ADDED from src\main\AndroidManifest.xml:16:22-71
uses-permission#android.permission.ACCESS_GPS
ADDED from src\main\AndroidManifest.xml:17:5-69
	android:name
		ADDED from src\main\AndroidManifest.xml:17:22-66
uses-permission#android.permission.ACCESS_ASSISTED_GPS
ADDED from src\main\AndroidManifest.xml:18:5-78
	android:name
		ADDED from src\main\AndroidManifest.xml:18:22-75
uses-permission#android.permission.VIBRATE
ADDED from src\main\AndroidManifest.xml:19:5-66
	android:name
		ADDED from src\main\AndroidManifest.xml:19:22-63
uses-permission#android.permission.READ_PHONE_STATE
ADDED from src\main\AndroidManifest.xml:20:5-75
	android:name
		ADDED from src\main\AndroidManifest.xml:20:22-72
uses-permission#android.permission.GET_ACCOUNTS
ADDED from src\main\AndroidManifest.xml:21:5-71
	android:name
		ADDED from src\main\AndroidManifest.xml:21:22-68
uses-permission#android.permission.CLEAR_APP_CACHE
ADDED from src\main\AndroidManifest.xml:22:5-24:47
	tools:ignore
		ADDED from src\main\AndroidManifest.xml:24:9-44
	android:name
		ADDED from src\main\AndroidManifest.xml:23:9-58
uses-feature#android.hardware.telephony
ADDED from src\main\AndroidManifest.xml:26:5-28:36
	android:required
		ADDED from src\main\AndroidManifest.xml:28:9-33
	android:name
		ADDED from src\main\AndroidManifest.xml:27:9-50
uses-feature#android.hardware.touchscreen
ADDED from src\main\AndroidManifest.xml:29:5-31:36
	android:required
		ADDED from src\main\AndroidManifest.xml:31:9-33
	android:name
		ADDED from src\main\AndroidManifest.xml:30:9-52
uses-feature#android.hardware.location.gps
ADDED from src\main\AndroidManifest.xml:32:5-66
	android:name
		ADDED from src\main\AndroidManifest.xml:32:19-63
uses-feature#android.hardware.camera
ADDED from src\main\AndroidManifest.xml:33:5-35:35
	android:required
		ADDED from src\main\AndroidManifest.xml:35:9-32
	android:name
		ADDED from src\main\AndroidManifest.xml:34:9-47
application
ADDED from src\main\AndroidManifest.xml:37:5-182:19
MERGED from [com.facebook.stetho:stetho:1.4.2] AndroidManifest.xml:11:5-20
MERGED from [com.facebook.stetho:stetho:1.4.2] AndroidManifest.xml:11:5-20
MERGED from [com.karumi:dexter:4.2.0] AndroidManifest.xml:26:5-30:19
MERGED from [com.karumi:dexter:4.2.0] AndroidManifest.xml:26:5-30:19
MERGED from [com.android.support:design:25.3.0] AndroidManifest.xml:29:5-20
MERGED from [com.android.support:design:25.3.0] AndroidManifest.xml:29:5-20
MERGED from [:imageslider] AndroidManifest.xml:11:5-15:19
MERGED from [:imageslider] AndroidManifest.xml:11:5-15:19
MERGED from [com.android.support:appcompat-v7:25.3.0] AndroidManifest.xml:29:5-20
MERGED from [com.android.support:appcompat-v7:25.3.0] AndroidManifest.xml:29:5-20
MERGED from [com.android.support.constraint:constraint-layout:1.1.0] AndroidManifest.xml:9:5-20
MERGED from [com.android.support.constraint:constraint-layout:1.1.0] AndroidManifest.xml:9:5-20
MERGED from [com.android.support:transition:25.3.0] AndroidManifest.xml:26:5-20
MERGED from [com.android.support:transition:25.3.0] AndroidManifest.xml:26:5-20
MERGED from [com.google.android.gms:play-services-location:15.0.1] AndroidManifest.xml:7:5-20
MERGED from [com.google.android.gms:play-services-location:15.0.1] AndroidManifest.xml:7:5-20
MERGED from [com.google.android.gms:play-services-base:15.0.1] AndroidManifest.xml:22:5-27:19
MERGED from [com.google.android.gms:play-services-base:15.0.1] AndroidManifest.xml:22:5-27:19
MERGED from [com.google.android.gms:play-services-places-placereport:15.0.1] AndroidManifest.xml:22:5-20
MERGED from [com.google.android.gms:play-services-places-placereport:15.0.1] AndroidManifest.xml:22:5-20
MERGED from [com.google.android.gms:play-services-tasks:15.0.1] AndroidManifest.xml:7:5-20
MERGED from [com.google.android.gms:play-services-tasks:15.0.1] AndroidManifest.xml:7:5-20
MERGED from [com.google.android.gms:play-services-basement:15.0.1] AndroidManifest.xml:22:5-26:19
MERGED from [com.google.android.gms:play-services-basement:15.0.1] AndroidManifest.xml:22:5-26:19
MERGED from [com.android.support:support-v4:25.3.0] AndroidManifest.xml:29:5-20
MERGED from [com.android.support:support-v4:25.3.0] AndroidManifest.xml:29:5-20
MERGED from [com.android.support:animated-vector-drawable:25.3.0] AndroidManifest.xml:26:5-20
MERGED from [com.android.support:animated-vector-drawable:25.3.0] AndroidManifest.xml:26:5-20
MERGED from [com.android.support:support-vector-drawable:25.3.0] AndroidManifest.xml:26:5-20
MERGED from [com.android.support:support-vector-drawable:25.3.0] AndroidManifest.xml:26:5-20
MERGED from [com.android.support:support-fragment:25.3.0] AndroidManifest.xml:29:5-20
MERGED from [com.android.support:support-fragment:25.3.0] AndroidManifest.xml:29:5-20
MERGED from [com.android.support:support-media-compat:25.3.0] AndroidManifest.xml:29:5-20
MERGED from [com.android.support:support-media-compat:25.3.0] AndroidManifest.xml:29:5-20
MERGED from [com.android.support:support-core-utils:25.3.0] AndroidManifest.xml:29:5-20
MERGED from [com.android.support:support-core-utils:25.3.0] AndroidManifest.xml:29:5-20
MERGED from [com.android.support:support-core-ui:25.3.0] AndroidManifest.xml:29:5-20
MERGED from [com.android.support:support-core-ui:25.3.0] AndroidManifest.xml:29:5-20
MERGED from [com.android.support:support-compat:25.3.0] AndroidManifest.xml:29:5-20
MERGED from [com.android.support:support-compat:25.3.0] AndroidManifest.xml:29:5-20
MERGED from [com.squareup.picasso:picasso:2.71828] AndroidManifest.xml:7:5-12:19
MERGED from [com.squareup.picasso:picasso:2.71828] AndroidManifest.xml:7:5-12:19
MERGED from [com.android.support:exifinterface:25.3.0] AndroidManifest.xml:26:5-20
MERGED from [com.android.support:exifinterface:25.3.0] AndroidManifest.xml:26:5-20
	android:supportsRtl
		ADDED from src\main\AndroidManifest.xml:44:9-35
	android:label
		ADDED from src\main\AndroidManifest.xml:42:9-41
	android:hardwareAccelerated
		ADDED from src\main\AndroidManifest.xml:40:9-44
	android:largeHeap
		ADDED from src\main\AndroidManifest.xml:43:9-33
	android:icon
		ADDED from src\main\AndroidManifest.xml:41:9-43
	android:allowBackup
		ADDED from src\main\AndroidManifest.xml:39:9-35
	android:theme
		ADDED from src\main\AndroidManifest.xml:45:9-40
	android:name
		ADDED from src\main\AndroidManifest.xml:38:9-38
activity#com.example.lenovo.empoweru.Splash_Screen
ADDED from src\main\AndroidManifest.xml:47:9-57:20
	android:windowSoftInputMode
		ADDED from src\main\AndroidManifest.xml:51:13-54
	android:configChanges
		ADDED from src\main\AndroidManifest.xml:49:13-74
	android:theme
		ADDED from src\main\AndroidManifest.xml:50:13-54
	android:name
		ADDED from src\main\AndroidManifest.xml:48:13-42
intent-filter#action:name:android.intent.action.MAIN+category:name:android.intent.category.LAUNCHER
ADDED from src\main\AndroidManifest.xml:52:13-56:29
action#android.intent.action.MAIN
ADDED from src\main\AndroidManifest.xml:53:17-69
	android:name
		ADDED from src\main\AndroidManifest.xml:53:25-66
category#android.intent.category.LAUNCHER
ADDED from src\main\AndroidManifest.xml:55:17-77
	android:name
		ADDED from src\main\AndroidManifest.xml:55:27-74
activity#com.example.lenovo.empoweru.Dashboard
ADDED from src\main\AndroidManifest.xml:58:9-63:58
	android:label
		ADDED from src\main\AndroidManifest.xml:61:13-29
	android:windowSoftInputMode
		ADDED from src\main\AndroidManifest.xml:63:13-55
	android:configChanges
		ADDED from src\main\AndroidManifest.xml:60:13-74
	android:theme
		ADDED from src\main\AndroidManifest.xml:62:13-56
	android:name
		ADDED from src\main\AndroidManifest.xml:59:13-38
activity#com.example.lenovo.empoweru.Profiledetails
ADDED from src\main\AndroidManifest.xml:64:9-66:57
	android:theme
		ADDED from src\main\AndroidManifest.xml:66:13-54
	android:name
		ADDED from src\main\AndroidManifest.xml:65:13-43
activity#com.example.lenovo.empoweru.Tabbedteacher
ADDED from src\main\AndroidManifest.xml:67:9-71:57
	android:label
		ADDED from src\main\AndroidManifest.xml:70:13-39
	android:configChanges
		ADDED from src\main\AndroidManifest.xml:69:13-74
	android:theme
		ADDED from src\main\AndroidManifest.xml:71:13-54
	android:name
		ADDED from src\main\AndroidManifest.xml:68:13-42
activity#com.example.lenovo.empoweru.CRP_profile
ADDED from src\main\AndroidManifest.xml:72:9-74:57
	android:theme
		ADDED from src\main\AndroidManifest.xml:74:13-54
	android:name
		ADDED from src\main\AndroidManifest.xml:73:13-40
activity#com.example.lenovo.empoweru.CRP_nav_d
ADDED from src\main\AndroidManifest.xml:75:9-79:59
	android:label
		ADDED from src\main\AndroidManifest.xml:78:13-29
	android:configChanges
		ADDED from src\main\AndroidManifest.xml:77:13-74
	android:theme
		ADDED from src\main\AndroidManifest.xml:79:13-56
	android:name
		ADDED from src\main\AndroidManifest.xml:76:13-38
activity#com.example.lenovo.empoweru.CRP_DATA_INSERT
ADDED from src\main\AndroidManifest.xml:80:9-53
	android:name
		ADDED from src\main\AndroidManifest.xml:80:19-50
activity#com.example.lenovo.empoweru.CRPtabbedteacherq
ADDED from src\main\AndroidManifest.xml:81:9-85:57
	android:label
		ADDED from src\main\AndroidManifest.xml:84:13-39
	android:configChanges
		ADDED from src\main\AndroidManifest.xml:83:13-74
	android:theme
		ADDED from src\main\AndroidManifest.xml:85:13-54
	android:name
		ADDED from src\main\AndroidManifest.xml:82:13-46
activity#com.example.lenovo.empoweru.expandable_test
ADDED from src\main\AndroidManifest.xml:86:9-53
	android:name
		ADDED from src\main\AndroidManifest.xml:86:19-50
activity#com.example.lenovo.empoweru.BLOCK_nav_d
ADDED from src\main\AndroidManifest.xml:87:9-91:59
	android:label
		ADDED from src\main\AndroidManifest.xml:90:13-29
	android:configChanges
		ADDED from src\main\AndroidManifest.xml:89:13-74
	android:theme
		ADDED from src\main\AndroidManifest.xml:91:13-56
	android:name
		ADDED from src\main\AndroidManifest.xml:88:13-40
activity#com.example.lenovo.empoweru.Block_data_import_to_sqlite
ADDED from src\main\AndroidManifest.xml:92:9-65
	android:name
		ADDED from src\main\AndroidManifest.xml:92:19-62
activity#com.example.lenovo.empoweru.Block_profile
ADDED from src\main\AndroidManifest.xml:93:9-95:57
	android:theme
		ADDED from src\main\AndroidManifest.xml:95:13-54
	android:name
		ADDED from src\main\AndroidManifest.xml:94:13-42
activity#com.example.lenovo.empoweru.BlockTabbedteacher
ADDED from src\main\AndroidManifest.xml:96:9-100:59
	android:label
		ADDED from src\main\AndroidManifest.xml:99:13-39
	android:configChanges
		ADDED from src\main\AndroidManifest.xml:98:13-74
	android:theme
		ADDED from src\main\AndroidManifest.xml:100:13-56
	android:name
		ADDED from src\main\AndroidManifest.xml:97:13-47
activity#com.example.lenovo.empoweru.LocAlert
ADDED from src\main\AndroidManifest.xml:101:9-46
	android:name
		ADDED from src\main\AndroidManifest.xml:101:19-43
activity#com.example.lenovo.empoweru.fragmentTest
ADDED from src\main\AndroidManifest.xml:102:9-106:57
	android:label
		ADDED from src\main\AndroidManifest.xml:105:13-39
	android:configChanges
		ADDED from src\main\AndroidManifest.xml:104:13-74
	android:theme
		ADDED from src\main\AndroidManifest.xml:106:13-54
	android:name
		ADDED from src\main\AndroidManifest.xml:103:13-41
activity#com.example.lenovo.empoweru.HM_import_data_to_sqlite
ADDED from src\main\AndroidManifest.xml:107:9-62
	android:name
		ADDED from src\main\AndroidManifest.xml:107:19-59
receiver#com.example.lenovo.empoweru.ConnectivityReceiver
ADDED from src\main\AndroidManifest.xml:109:9-115:20
	android:enabled
		ADDED from src\main\AndroidManifest.xml:111:13-35
	android:name
		ADDED from src\main\AndroidManifest.xml:110:13-49
intent-filter#action:name:android.net.conn.CONNECTIVITY_CHANGE
ADDED from src\main\AndroidManifest.xml:112:13-114:29
action#android.net.conn.CONNECTIVITY_CHANGE
ADDED from src\main\AndroidManifest.xml:113:17-79
	android:name
		ADDED from src\main\AndroidManifest.xml:113:25-76
activity#com.example.lenovo.empoweru.District_nav_d
ADDED from src\main\AndroidManifest.xml:117:9-121:59
	android:label
		ADDED from src\main\AndroidManifest.xml:120:13-29
	android:configChanges
		ADDED from src\main\AndroidManifest.xml:119:13-74
	android:theme
		ADDED from src\main\AndroidManifest.xml:121:13-56
	android:name
		ADDED from src\main\AndroidManifest.xml:118:13-43
activity#com.example.lenovo.empoweru.DistrictTabbed
ADDED from src\main\AndroidManifest.xml:122:9-126:57
	android:label
		ADDED from src\main\AndroidManifest.xml:125:13-39
	android:configChanges
		ADDED from src\main\AndroidManifest.xml:124:13-74
	android:theme
		ADDED from src\main\AndroidManifest.xml:126:13-54
	android:name
		ADDED from src\main\AndroidManifest.xml:123:13-43
activity#com.example.lenovo.empoweru.DistrictProfile
ADDED from src\main\AndroidManifest.xml:127:9-130:57
	android:configChanges
		ADDED from src\main\AndroidManifest.xml:129:13-74
	android:theme
		ADDED from src\main\AndroidManifest.xml:130:13-54
	android:name
		ADDED from src\main\AndroidManifest.xml:128:13-44
activity#com.example.lenovo.empoweru.radrec
ADDED from src\main\AndroidManifest.xml:131:9-133:77
	android:configChanges
		ADDED from src\main\AndroidManifest.xml:133:13-74
	android:name
		ADDED from src\main\AndroidManifest.xml:132:13-35
activity#com.example.lenovo.empoweru.MainActivity
ADDED from src\main\AndroidManifest.xml:134:9-136:77
	android:configChanges
		ADDED from src\main\AndroidManifest.xml:136:13-74
	android:name
		ADDED from src\main\AndroidManifest.xml:135:13-41
activity#com.example.lenovo.empoweru.LoginActivity
ADDED from src\main\AndroidManifest.xml:137:9-139:57
	android:theme
		ADDED from src\main\AndroidManifest.xml:139:13-54
	android:name
		ADDED from src\main\AndroidManifest.xml:138:13-42
provider#android.support.v4.content.FileProvider
ADDED from src\main\AndroidManifest.xml:141:9-149:20
	android:grantUriPermissions
		ADDED from src\main\AndroidManifest.xml:145:13-47
	android:authorities
		ADDED from src\main\AndroidManifest.xml:143:13-62
	android:exported
		ADDED from src\main\AndroidManifest.xml:144:13-37
	android:name
		ADDED from src\main\AndroidManifest.xml:142:13-67
meta-data#android.support.FILE_PROVIDER_PATHS
ADDED from src\main\AndroidManifest.xml:146:13-148:54
	android:resource
		ADDED from src\main\AndroidManifest.xml:148:17-51
	android:name
		ADDED from src\main\AndroidManifest.xml:147:17-67
activity#com.example.lenovo.empoweru.Camera_test
ADDED from src\main\AndroidManifest.xml:151:9-154:59
	android:configChanges
		ADDED from src\main\AndroidManifest.xml:153:13-74
	android:theme
		ADDED from src\main\AndroidManifest.xml:154:13-56
	android:name
		ADDED from src\main\AndroidManifest.xml:152:13-40
activity#com.example.lenovo.empoweru.httptest
ADDED from src\main\AndroidManifest.xml:155:9-46
	android:name
		ADDED from src\main\AndroidManifest.xml:155:19-43
activity#com.example.lenovo.empoweru.AndroidHTTPRequestsActivity
ADDED from src\main\AndroidManifest.xml:156:9-65
	android:name
		ADDED from src\main\AndroidManifest.xml:156:19-62
activity#com.example.lenovo.empoweru.sendingSMS
ADDED from src\main\AndroidManifest.xml:157:9-48
	android:name
		ADDED from src\main\AndroidManifest.xml:157:19-45
activity#com.example.lenovo.empoweru.Helpline
ADDED from src\main\AndroidManifest.xml:158:9-161:57
	android:label
		ADDED from src\main\AndroidManifest.xml:160:13-37
	android:theme
		ADDED from src\main\AndroidManifest.xml:161:13-54
	android:name
		ADDED from src\main\AndroidManifest.xml:159:13-37
activity#com.example.lenovo.empoweru.SMBlockTabbed
ADDED from src\main\AndroidManifest.xml:162:9-165:57
	android:label
		ADDED from src\main\AndroidManifest.xml:164:13-66
	android:theme
		ADDED from src\main\AndroidManifest.xml:165:13-54
	android:name
		ADDED from src\main\AndroidManifest.xml:163:13-42
activity#com.example.lenovo.empoweru.SMDistrict
ADDED from src\main\AndroidManifest.xml:166:9-168:66
	android:theme
		ADDED from src\main\AndroidManifest.xml:168:13-54
	android:name
		ADDED from src\main\AndroidManifest.xml:167:13-39
activity#com.example.lenovo.empoweru.SMCRP
ADDED from src\main\AndroidManifest.xml:169:9-171:57
	android:theme
		ADDED from src\main\AndroidManifest.xml:171:13-54
	android:name
		ADDED from src\main\AndroidManifest.xml:170:13-34
activity#com.example.lenovo.empoweru.HMleave
ADDED from src\main\AndroidManifest.xml:172:9-174:57
	android:theme
		ADDED from src\main\AndroidManifest.xml:174:13-54
	android:name
		ADDED from src\main\AndroidManifest.xml:173:13-36
activity#com.example.lenovo.empoweru.HMGrievance
ADDED from src\main\AndroidManifest.xml:175:9-177:57
	android:theme
		ADDED from src\main\AndroidManifest.xml:177:13-54
	android:name
		ADDED from src\main\AndroidManifest.xml:176:13-40
activity#com.example.lenovo.empoweru.datetest
ADDED from src\main\AndroidManifest.xml:178:9-46
	android:name
		ADDED from src\main\AndroidManifest.xml:178:19-43
activity#com.example.lenovo.empoweru.BlockLeaveRecord
ADDED from src\main\AndroidManifest.xml:179:9-181:24
	android:theme
		ADDED from src\main\AndroidManifest.xml:180:13-54
	android:name
		ADDED from src\main\AndroidManifest.xml:179:19-51
uses-sdk
INJECTED from src\main\AndroidManifest.xml reason: use-sdk injection requested
INJECTED from src\main\AndroidManifest.xml
INJECTED from src\main\AndroidManifest.xml
MERGED from [com.facebook.stetho:stetho:1.4.2] AndroidManifest.xml:7:5-9:41
MERGED from [com.facebook.stetho:stetho:1.4.2] AndroidManifest.xml:7:5-9:41
MERGED from [com.karumi:dexter:4.2.0] AndroidManifest.xml:22:5-24:41
MERGED from [com.karumi:dexter:4.2.0] AndroidManifest.xml:22:5-24:41
MERGED from [com.android.support:design:25.3.0] AndroidManifest.xml:21:5-23:62
MERGED from [com.android.support:design:25.3.0] AndroidManifest.xml:21:5-23:62
MERGED from [:imageslider] AndroidManifest.xml:7:5-9:41
MERGED from [:imageslider] AndroidManifest.xml:7:5-9:41
MERGED from [com.android.support:appcompat-v7:25.3.0] AndroidManifest.xml:21:5-23:78
MERGED from [com.android.support:appcompat-v7:25.3.0] AndroidManifest.xml:21:5-23:78
MERGED from [com.android.support.constraint:constraint-layout:1.1.0] AndroidManifest.xml:5:5-7:41
MERGED from [com.android.support.constraint:constraint-layout:1.1.0] AndroidManifest.xml:5:5-7:41
MERGED from [com.android.support:transition:25.3.0] AndroidManifest.xml:20:5-44
MERGED from [com.android.support:transition:25.3.0] AndroidManifest.xml:20:5-44
MERGED from [com.google.android.gms:play-services-location:15.0.1] AndroidManifest.xml:5:5-44
MERGED from [com.google.android.gms:play-services-location:15.0.1] AndroidManifest.xml:5:5-44
MERGED from [com.google.android.gms:play-services-base:15.0.1] AndroidManifest.xml:20:5-44
MERGED from [com.google.android.gms:play-services-base:15.0.1] AndroidManifest.xml:20:5-44
MERGED from [com.google.android.gms:play-services-places-placereport:15.0.1] AndroidManifest.xml:20:5-44
MERGED from [com.google.android.gms:play-services-places-placereport:15.0.1] AndroidManifest.xml:20:5-44
MERGED from [com.google.android.gms:play-services-tasks:15.0.1] AndroidManifest.xml:5:5-44
MERGED from [com.google.android.gms:play-services-tasks:15.0.1] AndroidManifest.xml:5:5-44
MERGED from [com.google.android.gms:play-services-basement:15.0.1] AndroidManifest.xml:20:5-44
MERGED from [com.google.android.gms:play-services-basement:15.0.1] AndroidManifest.xml:20:5-44
MERGED from [com.android.support:support-v4:25.3.0] AndroidManifest.xml:21:5-23:54
MERGED from [com.android.support:support-v4:25.3.0] AndroidManifest.xml:21:5-23:54
MERGED from [com.jakewharton:butterknife:8.8.1] AndroidManifest.xml:5:5-43
MERGED from [com.jakewharton:butterknife:8.8.1] AndroidManifest.xml:5:5-43
MERGED from [com.android.support:recyclerview-v7:25.3.0] AndroidManifest.xml:20:5-43
MERGED from [com.android.support:recyclerview-v7:25.3.0] AndroidManifest.xml:20:5-43
MERGED from [com.android.support:animated-vector-drawable:25.3.0] AndroidManifest.xml:20:5-44
MERGED from [com.android.support:animated-vector-drawable:25.3.0] AndroidManifest.xml:20:5-44
MERGED from [com.android.support:support-vector-drawable:25.3.0] AndroidManifest.xml:20:5-43
MERGED from [com.android.support:support-vector-drawable:25.3.0] AndroidManifest.xml:20:5-43
MERGED from [com.android.support:support-fragment:25.3.0] AndroidManifest.xml:21:5-23:60
MERGED from [com.android.support:support-fragment:25.3.0] AndroidManifest.xml:21:5-23:60
MERGED from [com.android.support:support-media-compat:25.3.0] AndroidManifest.xml:21:5-23:63
MERGED from [com.android.support:support-media-compat:25.3.0] AndroidManifest.xml:21:5-23:63
MERGED from [com.android.support:support-core-utils:25.3.0] AndroidManifest.xml:21:5-23:61
MERGED from [com.android.support:support-core-utils:25.3.0] AndroidManifest.xml:21:5-23:61
MERGED from [com.android.support:support-core-ui:25.3.0] AndroidManifest.xml:21:5-23:58
MERGED from [com.android.support:support-core-ui:25.3.0] AndroidManifest.xml:21:5-23:58
MERGED from [com.android.support:support-compat:25.3.0] AndroidManifest.xml:21:5-23:58
MERGED from [com.android.support:support-compat:25.3.0] AndroidManifest.xml:21:5-23:58
MERGED from [com.squareup.picasso:picasso:2.71828] AndroidManifest.xml:5:5-44
MERGED from [com.squareup.picasso:picasso:2.71828] AndroidManifest.xml:5:5-44
MERGED from [com.android.support:exifinterface:25.3.0] AndroidManifest.xml:20:5-43
MERGED from [com.android.support:exifinterface:25.3.0] AndroidManifest.xml:20:5-43
MERGED from [me.relex:circleindicator:1.2.2] AndroidManifest.xml:8:5-10:41
MERGED from [me.relex:circleindicator:1.2.2] AndroidManifest.xml:8:5-10:41
INJECTED from src\main\AndroidManifest.xml
INJECTED from src\main\AndroidManifest.xml
	tools:overrideLibrary
		ADDED from [com.android.support:design:25.3.0] AndroidManifest.xml:23:9-59
	android:targetSdkVersion
		INJECTED from src\main\AndroidManifest.xml
		ADDED from src\main\AndroidManifest.xml
		INJECTED from src\main\AndroidManifest.xml
	android:minSdkVersion
		INJECTED from src\main\AndroidManifest.xml
		ADDED from src\main\AndroidManifest.xml
		INJECTED from src\main\AndroidManifest.xml
activity#com.karumi.dexter.DexterActivity
ADDED from [com.karumi:dexter:4.2.0] AndroidManifest.xml:27:9-29:72
	android:theme
		ADDED from [com.karumi:dexter:4.2.0] AndroidManifest.xml:29:13-69
	android:name
		ADDED from [com.karumi:dexter:4.2.0] AndroidManifest.xml:28:13-60
meta-data#android.support.VERSION
ADDED from [com.android.support:design:25.3.0] AndroidManifest.xml:25:5-27:34
MERGED from [com.android.support:appcompat-v7:25.3.0] AndroidManifest.xml:25:5-27:34
MERGED from [com.android.support:appcompat-v7:25.3.0] AndroidManifest.xml:25:5-27:34
MERGED from [com.android.support:transition:25.3.0] AndroidManifest.xml:22:5-24:34
MERGED from [com.android.support:transition:25.3.0] AndroidManifest.xml:22:5-24:34
MERGED from [com.android.support:support-v4:25.3.0] AndroidManifest.xml:25:5-27:34
MERGED from [com.android.support:support-v4:25.3.0] AndroidManifest.xml:25:5-27:34
MERGED from [com.android.support:recyclerview-v7:25.3.0] AndroidManifest.xml:22:5-24:34
MERGED from [com.android.support:recyclerview-v7:25.3.0] AndroidManifest.xml:22:5-24:34
MERGED from [com.android.support:animated-vector-drawable:25.3.0] AndroidManifest.xml:22:5-24:34
MERGED from [com.android.support:animated-vector-drawable:25.3.0] AndroidManifest.xml:22:5-24:34
MERGED from [com.android.support:support-vector-drawable:25.3.0] AndroidManifest.xml:22:5-24:34
MERGED from [com.android.support:support-vector-drawable:25.3.0] AndroidManifest.xml:22:5-24:34
MERGED from [com.android.support:support-fragment:25.3.0] AndroidManifest.xml:25:5-27:34
MERGED from [com.android.support:support-fragment:25.3.0] AndroidManifest.xml:25:5-27:34
MERGED from [com.android.support:support-media-compat:25.3.0] AndroidManifest.xml:25:5-27:34
MERGED from [com.android.support:support-media-compat:25.3.0] AndroidManifest.xml:25:5-27:34
MERGED from [com.android.support:support-core-utils:25.3.0] AndroidManifest.xml:25:5-27:34
MERGED from [com.android.support:support-core-utils:25.3.0] AndroidManifest.xml:25:5-27:34
MERGED from [com.android.support:support-core-ui:25.3.0] AndroidManifest.xml:25:5-27:34
MERGED from [com.android.support:support-core-ui:25.3.0] AndroidManifest.xml:25:5-27:34
MERGED from [com.android.support:support-compat:25.3.0] AndroidManifest.xml:25:5-27:34
MERGED from [com.android.support:support-compat:25.3.0] AndroidManifest.xml:25:5-27:34
MERGED from [com.android.support:exifinterface:25.3.0] AndroidManifest.xml:22:5-24:34
MERGED from [com.android.support:exifinterface:25.3.0] AndroidManifest.xml:22:5-24:34
	android:value
		ADDED from [com.android.support:design:25.3.0] AndroidManifest.xml:27:9-31
	android:name
		ADDED from [com.android.support:design:25.3.0] AndroidManifest.xml:26:9-47
activity#com.google.android.gms.common.api.GoogleApiActivity
ADDED from [com.google.android.gms:play-services-base:15.0.1] AndroidManifest.xml:23:9-26:75
	android:exported
		ADDED from [com.google.android.gms:play-services-base:15.0.1] AndroidManifest.xml:25:13-37
	android:theme
		ADDED from [com.google.android.gms:play-services-base:15.0.1] AndroidManifest.xml:26:13-72
	android:name
		ADDED from [com.google.android.gms:play-services-base:15.0.1] AndroidManifest.xml:24:13-79